2902ms ERROR reader.TruckDataReader - Line "-6, tru, fals" is not valid. The application does not use this data.
2905ms ERROR reader.TruckDataReader - Line "1.2, true, true" is not valid. The application does not use this data.
2906ms ERROR reader.TruckDataReader - Line "dsfsdfsdgfsd" is not valid. The application does not use this data.
2918ms INFO  entity.Truck - Truck {id=1; perishable-true; loaded-true} reached the base.
3018ms INFO  entity.Truck - Truck {id=2; perishable-false; loaded-true} reached the base.
3119ms INFO  entity.Truck - Truck {id=3; perishable-true; loaded-false} reached the base.
3220ms INFO  entity.Truck - Truck {id=4; perishable-true; loaded-true} reached the base.
3321ms INFO  entity.Truck - Truck {id=5; perishable-false; loaded-true} reached the base.
3421ms INFO  entity.Truck - Truck {id=7; perishable-false; loaded-false} reached the base.
3522ms INFO  entity.Truck - Truck {id=8; perishable-true; loaded-false} reached the base.
3623ms INFO  entity.Truck - Truck {id=9; perishable-false; loaded-true} reached the base.
3723ms INFO  entity.Truck - Truck {id=10; perishable-true; loaded-true} reached the base.
3823ms INFO  entity.Truck - Truck {id=11; perishable-true; loaded-false} reached the base.
3922ms INFO  entity.Truck - Truck {id=1; perishable-true; loaded-true} in queue.
3924ms INFO  entity.Truck - Truck {id=12; perishable-false; loaded-false} reached the base.
4019ms INFO  entity.Truck - Truck {id=2; perishable-false; loaded-true} in queue.
4025ms INFO  entity.Truck - Truck {id=13; perishable-false; loaded-true} reached the base.
4119ms INFO  entity.Truck - Truck {id=3; perishable-true; loaded-false} in queue.
4125ms INFO  entity.Truck - Truck {id=14; perishable-true; loaded-false} reached the base.
4220ms INFO  entity.Truck - Truck {id=4; perishable-true; loaded-true} in queue.
4225ms INFO  entity.Truck - Truck {id=15; perishable-true; loaded-false} reached the base.
4322ms INFO  entity.Truck - Truck {id=5; perishable-false; loaded-true} in queue.
4326ms INFO  entity.Truck - Truck {id=16; perishable-false; loaded-false} reached the base.
4422ms INFO  entity.Truck - Truck {id=7; perishable-false; loaded-false} in queue.
4422ms INFO  entity.Truck - Truck {id=1; perishable-true; loaded-false} is processing.
4427ms INFO  entity.Truck - Truck {id=17; perishable-false; loaded-true} reached the base.
4522ms INFO  entity.Truck - Truck {id=8; perishable-true; loaded-false} in queue.
4528ms INFO  entity.Truck - Truck {id=18; perishable-true; loaded-true} reached the base.
4624ms INFO  entity.Truck - Truck {id=9; perishable-false; loaded-true} in queue.
4628ms INFO  entity.Truck - Truck {id=19; perishable-false; loaded-false} reached the base.
4725ms INFO  entity.Truck - Truck {id=10; perishable-true; loaded-true} in queue.
4729ms INFO  entity.Truck - Truck {id=20; perishable-false; loaded-true} reached the base.
4824ms INFO  entity.Truck - Truck {id=11; perishable-true; loaded-false} in queue.
4829ms INFO  entity.Truck - Truck {id=21; perishable-true; loaded-false} reached the base.
4924ms INFO  entity.Truck - Truck {id=12; perishable-false; loaded-false} in queue.
5022ms INFO  entity.Truck - Truck {id=4; perishable-true; loaded-false} is processing.
5026ms INFO  entity.Truck - Truck {id=13; perishable-false; loaded-true} in queue.
5125ms INFO  entity.Truck - Truck {id=14; perishable-true; loaded-false} in queue.
5226ms INFO  entity.Truck - Truck {id=15; perishable-true; loaded-false} in queue.
5327ms INFO  entity.Truck - Truck {id=16; perishable-false; loaded-false} in queue.
5423ms INFO  entity.Truck - Truck {id=1; perishable-true; loaded-false} finished.
5427ms INFO  entity.Truck - Truck {id=17; perishable-false; loaded-true} in queue.
5528ms INFO  entity.Truck - Truck {id=18; perishable-true; loaded-true} in queue.
5629ms INFO  entity.Truck - Truck {id=19; perishable-false; loaded-false} in queue.
5729ms INFO  entity.Truck - Truck {id=20; perishable-false; loaded-true} in queue.
5831ms INFO  entity.Truck - Truck {id=21; perishable-true; loaded-false} in queue.
5924ms INFO  entity.Truck - Truck {id=10; perishable-true; loaded-false} is processing.
6023ms INFO  entity.Truck - Truck {id=4; perishable-true; loaded-false} finished.
6524ms INFO  entity.Truck - Truck {id=18; perishable-true; loaded-false} is processing.
6924ms INFO  entity.Truck - Truck {id=10; perishable-true; loaded-false} finished.
7425ms INFO  entity.Truck - Truck {id=21; perishable-true; loaded-true} is processing.
7524ms INFO  entity.Truck - Truck {id=18; perishable-true; loaded-false} finished.
8024ms INFO  entity.Truck - Truck {id=11; perishable-true; loaded-true} is processing.
8425ms INFO  entity.Truck - Truck {id=21; perishable-true; loaded-true} finished.
8926ms INFO  entity.Truck - Truck {id=3; perishable-true; loaded-true} is processing.
9025ms INFO  entity.Truck - Truck {id=11; perishable-true; loaded-true} finished.
9525ms INFO  entity.Truck - Truck {id=15; perishable-true; loaded-true} is processing.
9926ms INFO  entity.Truck - Truck {id=3; perishable-true; loaded-true} finished.
10427ms INFO  entity.Truck - Truck {id=14; perishable-true; loaded-true} is processing.
10526ms INFO  entity.Truck - Truck {id=15; perishable-true; loaded-true} finished.
11026ms INFO  entity.Truck - Truck {id=8; perishable-true; loaded-true} is processing.
11428ms INFO  entity.Truck - Truck {id=14; perishable-true; loaded-true} finished.
11928ms INFO  entity.Truck - Truck {id=12; perishable-false; loaded-true} is processing.
12027ms INFO  entity.Truck - Truck {id=8; perishable-true; loaded-true} finished.
12528ms INFO  entity.Truck - Truck {id=5; perishable-false; loaded-false} is processing.
12929ms INFO  entity.Truck - Truck {id=12; perishable-false; loaded-true} finished.
13430ms INFO  entity.Truck - Truck {id=2; perishable-false; loaded-false} is processing.
13529ms INFO  entity.Truck - Truck {id=5; perishable-false; loaded-false} finished.
14029ms INFO  entity.Truck - Truck {id=16; perishable-false; loaded-true} is processing.
14430ms INFO  entity.Truck - Truck {id=2; perishable-false; loaded-false} finished.
14931ms INFO  entity.Truck - Truck {id=7; perishable-false; loaded-true} is processing.
15030ms INFO  entity.Truck - Truck {id=16; perishable-false; loaded-true} finished.
15530ms INFO  entity.Truck - Truck {id=17; perishable-false; loaded-false} is processing.
15931ms INFO  entity.Truck - Truck {id=7; perishable-false; loaded-true} finished.
16432ms INFO  entity.Truck - Truck {id=19; perishable-false; loaded-true} is processing.
16530ms INFO  entity.Truck - Truck {id=17; perishable-false; loaded-false} finished.
17031ms INFO  entity.Truck - Truck {id=20; perishable-false; loaded-false} is processing.
17432ms INFO  entity.Truck - Truck {id=19; perishable-false; loaded-true} finished.
17933ms INFO  entity.Truck - Truck {id=13; perishable-false; loaded-false} is processing.
18031ms INFO  entity.Truck - Truck {id=20; perishable-false; loaded-false} finished.
18532ms INFO  entity.Truck - Truck {id=9; perishable-false; loaded-false} is processing.
18933ms INFO  entity.Truck - Truck {id=13; perishable-false; loaded-false} finished.
19532ms INFO  entity.Truck - Truck {id=9; perishable-false; loaded-false} finished.
