2220ms ERROR reader.TruckDataReader - Line "-6, tru, fals" is not valid. The application does not use this data.
2224ms ERROR reader.TruckDataReader - Line "1.2, true, true" is not valid. The application does not use this data.
2225ms ERROR reader.TruckDataReader - Line "dsfsdfsdgfsd" is not valid. The application does not use this data.
2231ms INFO  entity.Truck - Truck {id=1; perishable-true; loaded-true} reached the base.
2330ms INFO  entity.Truck - Truck {id=2; perishable-false; loaded-true} reached the base.
2429ms INFO  entity.Truck - Truck {id=3; perishable-true; loaded-false} reached the base.
2529ms INFO  entity.Truck - Truck {id=4; perishable-true; loaded-true} reached the base.
2630ms INFO  entity.Truck - Truck {id=5; perishable-false; loaded-true} reached the base.
2731ms INFO  entity.Truck - Truck {id=7; perishable-false; loaded-false} reached the base.
2831ms INFO  entity.Truck - Truck {id=8; perishable-true; loaded-false} reached the base.
2931ms INFO  entity.Truck - Truck {id=9; perishable-false; loaded-true} reached the base.
3032ms INFO  entity.Truck - Truck {id=10; perishable-true; loaded-true} reached the base.
3134ms INFO  entity.Truck - Truck {id=11; perishable-true; loaded-false} reached the base.
3231ms INFO  entity.Truck - Truck {id=1; perishable-true; loaded-true} in queue.
3233ms INFO  entity.Truck - Truck {id=12; perishable-false; loaded-false} reached the base.
3331ms INFO  entity.Truck - Truck {id=2; perishable-false; loaded-true} in queue.
3333ms INFO  entity.Truck - Truck {id=13; perishable-false; loaded-true} reached the base.
3430ms INFO  entity.Truck - Truck {id=3; perishable-true; loaded-false} in queue.
3433ms INFO  entity.Truck - Truck {id=14; perishable-true; loaded-false} reached the base.
3530ms INFO  entity.Truck - Truck {id=4; perishable-true; loaded-true} in queue.
3534ms INFO  entity.Truck - Truck {id=15; perishable-true; loaded-false} reached the base.
3631ms INFO  entity.Truck - Truck {id=5; perishable-false; loaded-true} in queue.
3634ms INFO  entity.Truck - Truck {id=16; perishable-false; loaded-false} reached the base.
3731ms INFO  entity.Truck - Truck {id=7; perishable-false; loaded-false} in queue.
3731ms INFO  entity.Truck - Truck {id=1; perishable-true; loaded-false} is processing.
3734ms INFO  entity.Truck - Truck {id=17; perishable-false; loaded-true} reached the base.
3832ms INFO  entity.Truck - Truck {id=8; perishable-true; loaded-false} in queue.
3835ms INFO  entity.Truck - Truck {id=18; perishable-true; loaded-true} reached the base.
3933ms INFO  entity.Truck - Truck {id=9; perishable-false; loaded-true} in queue.
3936ms INFO  entity.Truck - Truck {id=19; perishable-false; loaded-false} reached the base.
4033ms INFO  entity.Truck - Truck {id=10; perishable-true; loaded-true} in queue.
4036ms INFO  entity.Truck - Truck {id=20; perishable-false; loaded-true} reached the base.
4134ms INFO  entity.Truck - Truck {id=11; perishable-true; loaded-false} in queue.
4137ms INFO  entity.Truck - Truck {id=21; perishable-true; loaded-false} reached the base.
4233ms INFO  entity.Truck - Truck {id=12; perishable-false; loaded-false} in queue.
4332ms INFO  entity.Truck - Truck {id=4; perishable-true; loaded-false} is processing.
4334ms INFO  entity.Truck - Truck {id=13; perishable-false; loaded-true} in queue.
4434ms INFO  entity.Truck - Truck {id=14; perishable-true; loaded-false} in queue.
4534ms INFO  entity.Truck - Truck {id=15; perishable-true; loaded-false} in queue.
4635ms INFO  entity.Truck - Truck {id=16; perishable-false; loaded-false} in queue.
4732ms INFO  entity.Truck - Truck {id=1; perishable-true; loaded-false} finished.
4736ms INFO  entity.Truck - Truck {id=17; perishable-false; loaded-true} in queue.
4835ms INFO  entity.Truck - Truck {id=18; perishable-true; loaded-true} in queue.
4937ms INFO  entity.Truck - Truck {id=19; perishable-false; loaded-false} in queue.
5036ms INFO  entity.Truck - Truck {id=20; perishable-false; loaded-true} in queue.
5139ms INFO  entity.Truck - Truck {id=21; perishable-true; loaded-false} in queue.
5232ms INFO  entity.Truck - Truck {id=10; perishable-true; loaded-false} is processing.
5332ms INFO  entity.Truck - Truck {id=4; perishable-true; loaded-false} finished.
5832ms INFO  entity.Truck - Truck {id=18; perishable-true; loaded-false} is processing.
6232ms INFO  entity.Truck - Truck {id=10; perishable-true; loaded-false} finished.
6733ms INFO  entity.Truck - Truck {id=21; perishable-true; loaded-true} is processing.
6833ms INFO  entity.Truck - Truck {id=18; perishable-true; loaded-false} finished.
7333ms INFO  entity.Truck - Truck {id=11; perishable-true; loaded-true} is processing.
7734ms INFO  entity.Truck - Truck {id=21; perishable-true; loaded-true} finished.
8237ms INFO  entity.Truck - Truck {id=3; perishable-true; loaded-true} is processing.
8334ms INFO  entity.Truck - Truck {id=11; perishable-true; loaded-true} finished.
8835ms INFO  entity.Truck - Truck {id=15; perishable-true; loaded-true} is processing.
9238ms INFO  entity.Truck - Truck {id=3; perishable-true; loaded-true} finished.
9738ms INFO  entity.Truck - Truck {id=14; perishable-true; loaded-true} is processing.
9835ms INFO  entity.Truck - Truck {id=15; perishable-true; loaded-true} finished.
10336ms INFO  entity.Truck - Truck {id=8; perishable-true; loaded-true} is processing.
10738ms INFO  entity.Truck - Truck {id=14; perishable-true; loaded-true} finished.
11238ms INFO  entity.Truck - Truck {id=12; perishable-false; loaded-true} is processing.
11337ms INFO  entity.Truck - Truck {id=8; perishable-true; loaded-true} finished.
11837ms INFO  entity.Truck - Truck {id=5; perishable-false; loaded-false} is processing.
12239ms INFO  entity.Truck - Truck {id=12; perishable-false; loaded-true} finished.
12739ms INFO  entity.Truck - Truck {id=2; perishable-false; loaded-false} is processing.
12837ms INFO  entity.Truck - Truck {id=5; perishable-false; loaded-false} finished.
13338ms INFO  entity.Truck - Truck {id=16; perishable-false; loaded-true} is processing.
13740ms INFO  entity.Truck - Truck {id=2; perishable-false; loaded-false} finished.
14241ms INFO  entity.Truck - Truck {id=7; perishable-false; loaded-true} is processing.
14338ms INFO  entity.Truck - Truck {id=16; perishable-false; loaded-true} finished.
14839ms INFO  entity.Truck - Truck {id=17; perishable-false; loaded-false} is processing.
15241ms INFO  entity.Truck - Truck {id=7; perishable-false; loaded-true} finished.
15741ms INFO  entity.Truck - Truck {id=19; perishable-false; loaded-true} is processing.
15839ms INFO  entity.Truck - Truck {id=17; perishable-false; loaded-false} finished.
16340ms INFO  entity.Truck - Truck {id=20; perishable-false; loaded-false} is processing.
16741ms INFO  entity.Truck - Truck {id=19; perishable-false; loaded-true} finished.
17242ms INFO  entity.Truck - Truck {id=13; perishable-false; loaded-false} is processing.
17341ms INFO  entity.Truck - Truck {id=20; perishable-false; loaded-false} finished.
17841ms INFO  entity.Truck - Truck {id=9; perishable-false; loaded-false} is processing.
18243ms INFO  entity.Truck - Truck {id=13; perishable-false; loaded-false} finished.
18841ms INFO  entity.Truck - Truck {id=9; perishable-false; loaded-false} finished.
1827ms ERROR reader.TruckDataReader - Line "-6, tru, fals" is not valid. The application does not use this data.
1830ms ERROR reader.TruckDataReader - Line "1.2, true, true" is not valid. The application does not use this data.
1830ms ERROR reader.TruckDataReader - Line "dsfsdfsdgfsd" is not valid. The application does not use this data.
1835ms INFO  entity.Truck - Truck {id=1; perishable-true; loaded-true} reached the base.
1940ms INFO  entity.Truck - Truck {id=2; perishable-false; loaded-true} reached the base.
2040ms INFO  entity.Truck - Truck {id=3; perishable-true; loaded-false} reached the base.
2140ms INFO  entity.Truck - Truck {id=4; perishable-true; loaded-true} reached the base.
2240ms INFO  entity.Truck - Truck {id=5; perishable-false; loaded-true} reached the base.
2341ms INFO  entity.Truck - Truck {id=7; perishable-false; loaded-false} reached the base.
2442ms INFO  entity.Truck - Truck {id=8; perishable-true; loaded-false} reached the base.
2543ms INFO  entity.Truck - Truck {id=9; perishable-false; loaded-true} reached the base.
2643ms INFO  entity.Truck - Truck {id=10; perishable-true; loaded-true} reached the base.
2743ms INFO  entity.Truck - Truck {id=11; perishable-true; loaded-false} reached the base.
2838ms INFO  entity.Truck - Truck {id=1; perishable-true; loaded-true} in queue.
2844ms INFO  entity.Truck - Truck {id=12; perishable-false; loaded-false} reached the base.
2941ms INFO  entity.Truck - Truck {id=2; perishable-false; loaded-true} in queue.
2945ms INFO  entity.Truck - Truck {id=13; perishable-false; loaded-true} reached the base.
3040ms INFO  entity.Truck - Truck {id=3; perishable-true; loaded-false} in queue.
3047ms INFO  entity.Truck - Truck {id=14; perishable-true; loaded-false} reached the base.
3141ms INFO  entity.Truck - Truck {id=4; perishable-true; loaded-true} in queue.
3147ms INFO  entity.Truck - Truck {id=15; perishable-true; loaded-false} reached the base.
3242ms INFO  entity.Truck - Truck {id=5; perishable-false; loaded-true} in queue.
3248ms INFO  entity.Truck - Truck {id=16; perishable-false; loaded-false} reached the base.
3339ms INFO  entity.Truck - Truck {id=1; perishable-true; loaded-false} is processing.
3341ms INFO  entity.Truck - Truck {id=7; perishable-false; loaded-false} in queue.
3349ms INFO  entity.Truck - Truck {id=17; perishable-false; loaded-true} reached the base.
3442ms INFO  entity.Truck - Truck {id=8; perishable-true; loaded-false} in queue.
3449ms INFO  entity.Truck - Truck {id=18; perishable-true; loaded-true} reached the base.
3543ms INFO  entity.Truck - Truck {id=9; perishable-false; loaded-true} in queue.
3550ms INFO  entity.Truck - Truck {id=19; perishable-false; loaded-false} reached the base.
3644ms INFO  entity.Truck - Truck {id=10; perishable-true; loaded-true} in queue.
3650ms INFO  entity.Truck - Truck {id=20; perishable-false; loaded-true} reached the base.
3744ms INFO  entity.Truck - Truck {id=11; perishable-true; loaded-false} in queue.
3751ms INFO  entity.Truck - Truck {id=21; perishable-true; loaded-false} reached the base.
3843ms INFO  entity.Truck - Truck {id=4; perishable-true; loaded-false} is processing.
3845ms INFO  entity.Truck - Truck {id=12; perishable-false; loaded-false} in queue.
3948ms INFO  entity.Truck - Truck {id=13; perishable-false; loaded-true} in queue.
4048ms INFO  entity.Truck - Truck {id=14; perishable-true; loaded-false} in queue.
4149ms INFO  entity.Truck - Truck {id=15; perishable-true; loaded-false} in queue.
4248ms INFO  entity.Truck - Truck {id=16; perishable-false; loaded-false} in queue.
4340ms INFO  entity.Truck - Truck {id=1; perishable-true; loaded-false} finished.
4350ms INFO  entity.Truck - Truck {id=17; perishable-false; loaded-true} in queue.
4451ms INFO  entity.Truck - Truck {id=18; perishable-true; loaded-true} in queue.
4551ms INFO  entity.Truck - Truck {id=19; perishable-false; loaded-false} in queue.
4670ms INFO  entity.Truck - Truck {id=20; perishable-false; loaded-true} in queue.
4752ms INFO  entity.Truck - Truck {id=21; perishable-true; loaded-false} in queue.
4841ms INFO  entity.Truck - Truck {id=10; perishable-true; loaded-false} is processing.
4844ms INFO  entity.Truck - Truck {id=4; perishable-true; loaded-false} finished.
5354ms INFO  entity.Truck - Truck {id=18; perishable-true; loaded-false} is processing.
5841ms INFO  entity.Truck - Truck {id=10; perishable-true; loaded-false} finished.
6341ms INFO  entity.Truck - Truck {id=21; perishable-true; loaded-true} is processing.
6354ms INFO  entity.Truck - Truck {id=18; perishable-true; loaded-false} finished.
6858ms INFO  entity.Truck - Truck {id=11; perishable-true; loaded-true} is processing.
7342ms INFO  entity.Truck - Truck {id=21; perishable-true; loaded-true} finished.
7842ms INFO  entity.Truck - Truck {id=3; perishable-true; loaded-true} is processing.
7858ms INFO  entity.Truck - Truck {id=11; perishable-true; loaded-true} finished.
8367ms INFO  entity.Truck - Truck {id=15; perishable-true; loaded-true} is processing.
8843ms INFO  entity.Truck - Truck {id=3; perishable-true; loaded-true} finished.
9343ms INFO  entity.Truck - Truck {id=14; perishable-true; loaded-true} is processing.
9368ms INFO  entity.Truck - Truck {id=15; perishable-true; loaded-true} finished.
9872ms INFO  entity.Truck - Truck {id=8; perishable-true; loaded-true} is processing.
10343ms INFO  entity.Truck - Truck {id=14; perishable-true; loaded-true} finished.
10844ms INFO  entity.Truck - Truck {id=12; perishable-false; loaded-true} is processing.
10873ms INFO  entity.Truck - Truck {id=8; perishable-true; loaded-true} finished.
11383ms INFO  entity.Truck - Truck {id=5; perishable-false; loaded-false} is processing.
11845ms INFO  entity.Truck - Truck {id=12; perishable-false; loaded-true} finished.
12346ms INFO  entity.Truck - Truck {id=2; perishable-false; loaded-false} is processing.
12383ms INFO  entity.Truck - Truck {id=5; perishable-false; loaded-false} finished.
12892ms INFO  entity.Truck - Truck {id=16; perishable-false; loaded-true} is processing.
13347ms INFO  entity.Truck - Truck {id=2; perishable-false; loaded-false} finished.
13847ms INFO  entity.Truck - Truck {id=7; perishable-false; loaded-true} is processing.
13893ms INFO  entity.Truck - Truck {id=16; perishable-false; loaded-true} finished.
14401ms INFO  entity.Truck - Truck {id=17; perishable-false; loaded-false} is processing.
14848ms INFO  entity.Truck - Truck {id=7; perishable-false; loaded-true} finished.
15349ms INFO  entity.Truck - Truck {id=19; perishable-false; loaded-true} is processing.
15401ms INFO  entity.Truck - Truck {id=17; perishable-false; loaded-false} finished.
15927ms INFO  entity.Truck - Truck {id=20; perishable-false; loaded-false} is processing.
16349ms INFO  entity.Truck - Truck {id=19; perishable-false; loaded-true} finished.
16850ms INFO  entity.Truck - Truck {id=13; perishable-false; loaded-false} is processing.
16927ms INFO  entity.Truck - Truck {id=20; perishable-false; loaded-false} finished.
17428ms INFO  entity.Truck - Truck {id=9; perishable-false; loaded-false} is processing.
17850ms INFO  entity.Truck - Truck {id=13; perishable-false; loaded-false} finished.
18429ms INFO  entity.Truck - Truck {id=9; perishable-false; loaded-false} finished.
1793ms ERROR reader.TruckDataReader - Line "-6, tru, fals" is not valid. The application does not use this data.
1796ms ERROR reader.TruckDataReader - Line "1.2, true, true" is not valid. The application does not use this data.
1797ms ERROR reader.TruckDataReader - Line "dsfsdfsdgfsd" is not valid. The application does not use this data.
1799ms INFO  entity.Truck - Truck {id=1; perishable-true; loaded-true} reached the base.
1899ms INFO  entity.Truck - Truck {id=2; perishable-false; loaded-true} reached the base.
1999ms INFO  entity.Truck - Truck {id=3; perishable-true; loaded-false} reached the base.
2100ms INFO  entity.Truck - Truck {id=4; perishable-true; loaded-true} reached the base.
2200ms INFO  entity.Truck - Truck {id=5; perishable-false; loaded-true} reached the base.
2300ms INFO  entity.Truck - Truck {id=7; perishable-false; loaded-false} reached the base.
2401ms INFO  entity.Truck - Truck {id=8; perishable-true; loaded-false} reached the base.
2502ms INFO  entity.Truck - Truck {id=9; perishable-false; loaded-true} reached the base.
2602ms INFO  entity.Truck - Truck {id=10; perishable-true; loaded-true} reached the base.
2702ms INFO  entity.Truck - Truck {id=11; perishable-true; loaded-false} reached the base.
2800ms INFO  entity.Truck - Truck {id=1; perishable-true; loaded-true} in queue.
2803ms INFO  entity.Truck - Truck {id=12; perishable-false; loaded-false} reached the base.
2900ms INFO  entity.Truck - Truck {id=2; perishable-false; loaded-true} in queue.
2904ms INFO  entity.Truck - Truck {id=13; perishable-false; loaded-true} reached the base.
3001ms INFO  entity.Truck - Truck {id=3; perishable-true; loaded-false} in queue.
3004ms INFO  entity.Truck - Truck {id=14; perishable-true; loaded-false} reached the base.
3100ms INFO  entity.Truck - Truck {id=4; perishable-true; loaded-true} in queue.
3107ms INFO  entity.Truck - Truck {id=15; perishable-true; loaded-false} reached the base.
3201ms INFO  entity.Truck - Truck {id=5; perishable-false; loaded-true} in queue.
3205ms INFO  entity.Truck - Truck {id=16; perishable-false; loaded-false} reached the base.
3300ms INFO  entity.Truck - Truck {id=1; perishable-true; loaded-false} is processing.
3301ms INFO  entity.Truck - Truck {id=7; perishable-false; loaded-false} in queue.
3306ms INFO  entity.Truck - Truck {id=17; perishable-false; loaded-true} reached the base.
3402ms INFO  entity.Truck - Truck {id=8; perishable-true; loaded-false} in queue.
3407ms INFO  entity.Truck - Truck {id=18; perishable-true; loaded-true} reached the base.
3503ms INFO  entity.Truck - Truck {id=9; perishable-false; loaded-true} in queue.
3508ms INFO  entity.Truck - Truck {id=19; perishable-false; loaded-false} reached the base.
3604ms INFO  entity.Truck - Truck {id=10; perishable-true; loaded-true} in queue.
3609ms INFO  entity.Truck - Truck {id=20; perishable-false; loaded-true} reached the base.
3704ms INFO  entity.Truck - Truck {id=11; perishable-true; loaded-false} in queue.
3710ms INFO  entity.Truck - Truck {id=21; perishable-true; loaded-false} reached the base.
3801ms INFO  entity.Truck - Truck {id=4; perishable-true; loaded-false} is processing.
3803ms INFO  entity.Truck - Truck {id=12; perishable-false; loaded-false} in queue.
3904ms INFO  entity.Truck - Truck {id=13; perishable-false; loaded-true} in queue.
4006ms INFO  entity.Truck - Truck {id=14; perishable-true; loaded-false} in queue.
4108ms INFO  entity.Truck - Truck {id=15; perishable-true; loaded-false} in queue.
4206ms INFO  entity.Truck - Truck {id=16; perishable-false; loaded-false} in queue.
4301ms INFO  entity.Truck - Truck {id=1; perishable-true; loaded-false} finished.
4308ms INFO  entity.Truck - Truck {id=17; perishable-false; loaded-true} in queue.
4407ms INFO  entity.Truck - Truck {id=18; perishable-true; loaded-true} in queue.
4508ms INFO  entity.Truck - Truck {id=19; perishable-false; loaded-false} in queue.
4609ms INFO  entity.Truck - Truck {id=20; perishable-false; loaded-true} in queue.
4711ms INFO  entity.Truck - Truck {id=21; perishable-true; loaded-false} in queue.
4802ms INFO  entity.Truck - Truck {id=4; perishable-true; loaded-false} finished.
4802ms INFO  entity.Truck - Truck {id=10; perishable-true; loaded-false} is processing.
5308ms INFO  entity.Truck - Truck {id=18; perishable-true; loaded-false} is processing.
5802ms INFO  entity.Truck - Truck {id=10; perishable-true; loaded-false} finished.
6303ms INFO  entity.Truck - Truck {id=21; perishable-true; loaded-true} is processing.
6309ms INFO  entity.Truck - Truck {id=18; perishable-true; loaded-false} finished.
6818ms INFO  entity.Truck - Truck {id=11; perishable-true; loaded-true} is processing.
7303ms INFO  entity.Truck - Truck {id=21; perishable-true; loaded-true} finished.
7804ms INFO  entity.Truck - Truck {id=3; perishable-true; loaded-true} is processing.
7818ms INFO  entity.Truck - Truck {id=11; perishable-true; loaded-true} finished.
8328ms INFO  entity.Truck - Truck {id=15; perishable-true; loaded-true} is processing.
8804ms INFO  entity.Truck - Truck {id=3; perishable-true; loaded-true} finished.
9304ms INFO  entity.Truck - Truck {id=14; perishable-true; loaded-true} is processing.
9328ms INFO  entity.Truck - Truck {id=15; perishable-true; loaded-true} finished.
9834ms INFO  entity.Truck - Truck {id=8; perishable-true; loaded-true} is processing.
10305ms INFO  entity.Truck - Truck {id=14; perishable-true; loaded-true} finished.
10805ms INFO  entity.Truck - Truck {id=12; perishable-false; loaded-true} is processing.
10835ms INFO  entity.Truck - Truck {id=8; perishable-true; loaded-true} finished.
11343ms INFO  entity.Truck - Truck {id=5; perishable-false; loaded-false} is processing.
11806ms INFO  entity.Truck - Truck {id=12; perishable-false; loaded-true} finished.
12306ms INFO  entity.Truck - Truck {id=2; perishable-false; loaded-false} is processing.
12344ms INFO  entity.Truck - Truck {id=5; perishable-false; loaded-false} finished.
12854ms INFO  entity.Truck - Truck {id=16; perishable-false; loaded-true} is processing.
13306ms INFO  entity.Truck - Truck {id=2; perishable-false; loaded-false} finished.
13807ms INFO  entity.Truck - Truck {id=7; perishable-false; loaded-true} is processing.
13854ms INFO  entity.Truck - Truck {id=16; perishable-false; loaded-true} finished.
14364ms INFO  entity.Truck - Truck {id=17; perishable-false; loaded-false} is processing.
14807ms INFO  entity.Truck - Truck {id=7; perishable-false; loaded-true} finished.
15308ms INFO  entity.Truck - Truck {id=19; perishable-false; loaded-true} is processing.
15365ms INFO  entity.Truck - Truck {id=17; perishable-false; loaded-false} finished.
15875ms INFO  entity.Truck - Truck {id=20; perishable-false; loaded-false} is processing.
16314ms INFO  entity.Truck - Truck {id=19; perishable-false; loaded-true} finished.
16815ms INFO  entity.Truck - Truck {id=13; perishable-false; loaded-false} is processing.
16876ms INFO  entity.Truck - Truck {id=20; perishable-false; loaded-false} finished.
17380ms INFO  entity.Truck - Truck {id=9; perishable-false; loaded-false} is processing.
17815ms INFO  entity.Truck - Truck {id=13; perishable-false; loaded-false} finished.
18381ms INFO  entity.Truck - Truck {id=9; perishable-false; loaded-false} finished.
2120ms ERROR reader.TruckDataReader - Line "-6, tru, fals" is not valid. The application does not use this data.
2124ms ERROR reader.TruckDataReader - Line "1.2, true, true" is not valid. The application does not use this data.
2124ms ERROR reader.TruckDataReader - Line "dsfsdfsdgfsd" is not valid. The application does not use this data.
2134ms INFO  entity.Truck - Truck {id=1; perishable-true; loaded-true} reached the base.
2234ms INFO  entity.Truck - Truck {id=2; perishable-false; loaded-true} reached the base.
2335ms INFO  entity.Truck - Truck {id=3; perishable-true; loaded-false} reached the base.
2434ms INFO  entity.Truck - Truck {id=4; perishable-true; loaded-true} reached the base.
2536ms INFO  entity.Truck - Truck {id=5; perishable-false; loaded-true} reached the base.
2635ms INFO  entity.Truck - Truck {id=7; perishable-false; loaded-false} reached the base.
2736ms INFO  entity.Truck - Truck {id=8; perishable-true; loaded-false} reached the base.
2837ms INFO  entity.Truck - Truck {id=9; perishable-false; loaded-true} reached the base.
2938ms INFO  entity.Truck - Truck {id=10; perishable-true; loaded-true} reached the base.
3038ms INFO  entity.Truck - Truck {id=11; perishable-true; loaded-false} reached the base.
3138ms INFO  entity.Truck - Truck {id=12; perishable-false; loaded-false} reached the base.
3138ms INFO  entity.Truck - Truck {id=1; perishable-true; loaded-true} in queue.
3234ms INFO  entity.Truck - Truck {id=2; perishable-false; loaded-true} in queue.
3238ms INFO  entity.Truck - Truck {id=13; perishable-false; loaded-true} reached the base.
3336ms INFO  entity.Truck - Truck {id=3; perishable-true; loaded-false} in queue.
3338ms INFO  entity.Truck - Truck {id=14; perishable-true; loaded-false} reached the base.
3435ms INFO  entity.Truck - Truck {id=4; perishable-true; loaded-true} in queue.
3439ms INFO  entity.Truck - Truck {id=15; perishable-true; loaded-false} reached the base.
3536ms INFO  entity.Truck - Truck {id=5; perishable-false; loaded-true} in queue.
3539ms INFO  entity.Truck - Truck {id=16; perishable-false; loaded-false} reached the base.
3636ms INFO  entity.Truck - Truck {id=7; perishable-false; loaded-false} in queue.
3639ms INFO  entity.Truck - Truck {id=1; perishable-true; loaded-false} is processing.
3639ms INFO  entity.Truck - Truck {id=17; perishable-false; loaded-true} reached the base.
3737ms INFO  entity.Truck - Truck {id=8; perishable-true; loaded-false} in queue.
3740ms INFO  entity.Truck - Truck {id=18; perishable-true; loaded-true} reached the base.
3839ms INFO  entity.Truck - Truck {id=9; perishable-false; loaded-true} in queue.
3841ms INFO  entity.Truck - Truck {id=19; perishable-false; loaded-false} reached the base.
3938ms INFO  entity.Truck - Truck {id=10; perishable-true; loaded-true} in queue.
3940ms INFO  entity.Truck - Truck {id=20; perishable-false; loaded-true} reached the base.
4038ms INFO  entity.Truck - Truck {id=11; perishable-true; loaded-false} in queue.
4040ms INFO  entity.Truck - Truck {id=21; perishable-true; loaded-false} reached the base.
4139ms INFO  entity.Truck - Truck {id=12; perishable-false; loaded-false} in queue.
4237ms INFO  entity.Truck - Truck {id=4; perishable-true; loaded-false} is processing.
4239ms INFO  entity.Truck - Truck {id=13; perishable-false; loaded-true} in queue.
4339ms INFO  entity.Truck - Truck {id=14; perishable-true; loaded-false} in queue.
4440ms INFO  entity.Truck - Truck {id=15; perishable-true; loaded-false} in queue.
4539ms INFO  entity.Truck - Truck {id=16; perishable-false; loaded-false} in queue.
4640ms INFO  entity.Truck - Truck {id=17; perishable-false; loaded-true} in queue.
4640ms INFO  entity.Truck - Truck {id=1; perishable-true; loaded-false} finished.
4740ms INFO  entity.Truck - Truck {id=18; perishable-true; loaded-true} in queue.
4841ms INFO  entity.Truck - Truck {id=19; perishable-false; loaded-false} in queue.
4941ms INFO  entity.Truck - Truck {id=20; perishable-false; loaded-true} in queue.
5041ms INFO  entity.Truck - Truck {id=21; perishable-true; loaded-false} in queue.
5141ms INFO  entity.Truck - Truck {id=10; perishable-true; loaded-false} is processing.
5238ms INFO  entity.Truck - Truck {id=4; perishable-true; loaded-false} finished.
5738ms INFO  entity.Truck - Truck {id=18; perishable-true; loaded-false} is processing.
6142ms INFO  entity.Truck - Truck {id=10; perishable-true; loaded-false} finished.
6642ms INFO  entity.Truck - Truck {id=21; perishable-true; loaded-true} is processing.
6739ms INFO  entity.Truck - Truck {id=18; perishable-true; loaded-false} finished.
7240ms INFO  entity.Truck - Truck {id=11; perishable-true; loaded-true} is processing.
7642ms INFO  entity.Truck - Truck {id=21; perishable-true; loaded-true} finished.
8142ms INFO  entity.Truck - Truck {id=3; perishable-true; loaded-true} is processing.
8240ms INFO  entity.Truck - Truck {id=11; perishable-true; loaded-true} finished.
8741ms INFO  entity.Truck - Truck {id=15; perishable-true; loaded-true} is processing.
9142ms INFO  entity.Truck - Truck {id=3; perishable-true; loaded-true} finished.
9643ms INFO  entity.Truck - Truck {id=14; perishable-true; loaded-true} is processing.
9742ms INFO  entity.Truck - Truck {id=15; perishable-true; loaded-true} finished.
10242ms INFO  entity.Truck - Truck {id=8; perishable-true; loaded-true} is processing.
10643ms INFO  entity.Truck - Truck {id=14; perishable-true; loaded-true} finished.
11143ms INFO  entity.Truck - Truck {id=12; perishable-false; loaded-true} is processing.
11242ms INFO  entity.Truck - Truck {id=8; perishable-true; loaded-true} finished.
11743ms INFO  entity.Truck - Truck {id=5; perishable-false; loaded-false} is processing.
12144ms INFO  entity.Truck - Truck {id=12; perishable-false; loaded-true} finished.
12644ms INFO  entity.Truck - Truck {id=2; perishable-false; loaded-false} is processing.
12744ms INFO  entity.Truck - Truck {id=5; perishable-false; loaded-false} finished.
13244ms INFO  entity.Truck - Truck {id=16; perishable-false; loaded-true} is processing.
13644ms INFO  entity.Truck - Truck {id=2; perishable-false; loaded-false} finished.
14144ms INFO  entity.Truck - Truck {id=7; perishable-false; loaded-true} is processing.
14244ms INFO  entity.Truck - Truck {id=16; perishable-false; loaded-true} finished.
14744ms INFO  entity.Truck - Truck {id=17; perishable-false; loaded-false} is processing.
15144ms INFO  entity.Truck - Truck {id=7; perishable-false; loaded-true} finished.
15645ms INFO  entity.Truck - Truck {id=19; perishable-false; loaded-true} is processing.
15745ms INFO  entity.Truck - Truck {id=17; perishable-false; loaded-false} finished.
16246ms INFO  entity.Truck - Truck {id=20; perishable-false; loaded-false} is processing.
16645ms INFO  entity.Truck - Truck {id=19; perishable-false; loaded-true} finished.
17145ms INFO  entity.Truck - Truck {id=13; perishable-false; loaded-false} is processing.
17246ms INFO  entity.Truck - Truck {id=20; perishable-false; loaded-false} finished.
17747ms INFO  entity.Truck - Truck {id=9; perishable-false; loaded-false} is processing.
18146ms INFO  entity.Truck - Truck {id=13; perishable-false; loaded-false} finished.
18747ms INFO  entity.Truck - Truck {id=9; perishable-false; loaded-false} finished.
